Using pre-set license
Built from '2020.2/china_unity/release' branch; Version is '2020.2.2f1c1 (e7e650540bb3) revision 15197776'; Using compiler version '192528614'; Build Type 'Release'
OS: 'Windows 10 Pro; OS build 19042.867; Version 2009; 64bit' Language: 'zh' Physical Memory: 16333 MB
BatchMode: 1, IsHumanControllingUs: 0, StartBugReporterOnCrash: 0, Is64bit: 1, IsPro: 0

 COMMAND LINE ARGUMENTS:
E:\Program Files\UnityEditor\2020.2.2f1c1\Editor\Unity.exe
-adb2
-batchMode
-noUpm
-name
AssetImportWorker0
-projectPath
E:/UnityResources/Create with Code/Prototype 3/Prototype 3
-logFile
Logs/AssetImportWorker0.log
-srvPort
62563
Successfully changed project path to: E:/UnityResources/Create with Code/Prototype 3/Prototype 3
E:/UnityResources/Create with Code/Prototype 3/Prototype 3
Using Asset Import Pipeline V2.
Refreshing native plugins compatible for Editor in 25.44 ms, found 0 plugins.
Preloading 0 native plugins for Editor in 0.00 ms.
Initialize engine version: 2020.2.2f1c1 (e7e650540bb3)
[Subsystems] Discovering subsystems at path E:/Program Files/UnityEditor/2020.2.2f1c1/Editor/Data/Resources/UnitySubsystems
[Subsystems] Discovering subsystems at path E:/UnityResources/Create with Code/Prototype 3/Prototype 3/Assets
GfxDevice: creating device client; threaded=0
Direct3D:
    Version:  Direct3D 11.0 [level 11.1]
    Renderer: NVIDIA GeForce RTX 2060 (ID=0x1f08)
    Vendor:   
    VRAM:     5980 MB
    Driver:   27.21.14.6172
Initialize mono
Mono path[0] = 'E:/Program Files/UnityEditor/2020.2.2f1c1/Editor/Data/Managed'
Mono path[1] = 'E:/Program Files/UnityEditor/2020.2.2f1c1/Editor/Data/MonoBleedingEdge/lib/mono/unityjit'
Mono config path = 'E:/Program Files/UnityEditor/2020.2.2f1c1/Editor/Data/MonoBleedingEdge/etc'
Using monoOptions --debugger-agent=transport=dt_socket,embedding=1,server=y,suspend=n,address=127.0.0.1:56016
Begin MonoManager ReloadAssembly
Registering precompiled unity dll's ...
Register platform support module: E:/Program Files/UnityEditor/2020.2.2f1c1/Editor/Data/PlaybackEngines/WebGLSupport/UnityEditor.WebGL.Extensions.dll
Register platform support module: E:/Program Files/UnityEditor/2020.2.2f1c1/Editor/Data/PlaybackEngines/WindowsStandaloneSupport/UnityEditor.WindowsStandalone.Extensions.dll
Registered in 0.005121 seconds.
Native extension for WindowsStandalone target not found
Native extension for WebGL target not found
Refreshing native plugins compatible for Editor in 24.99 ms, found 0 plugins.
Preloading 0 native plugins for Editor in 0.00 ms.
Invoked RoslynAnalysisRunner static constructor.
RoslynAnalysisRunner will not be running.
RoslynAnalysisRunner has terminated.
Mono: successfully reloaded assembly
- Completed reload, in  2.297 seconds
Platform modules already initialized, skipping
Registering precompiled user dll's ...
Registered in 0.001222 seconds.
Begin MonoManager ReloadAssembly
Native extension for WindowsStandalone target not found
Native extension for WebGL target not found
Refreshing native plugins compatible for Editor in 0.19 ms, found 0 plugins.
Preloading 0 native plugins for Editor in 0.00 ms.
Invoked RoslynAnalysisRunner static constructor.
RoslynAnalysisRunner will not be running.
RoslynAnalysisRunner has terminated.
Mono: successfully reloaded assembly
- Completed reload, in  0.879 seconds
Platform modules already initialized, skipping
========================================================================
Worker process is ready to serve import requests
Launched and connected shader compiler UnityShaderCompiler.exe after 0.06 seconds
Refreshing native plugins compatible for Editor in 0.22 ms, found 0 plugins.
Preloading 0 native plugins for Editor in 0.00 ms.
Unloading 1109 Unused Serialized files (Serialized files now loaded: 0)
System memory in use before: 60.2 MB.
System memory in use after: 60.3 MB.

Unloading 9 unused Assets to reduce memory usage. Loaded Objects now: 1554.
Total: 1.665400 ms (FindLiveObjects: 0.135400 ms CreateObjectMapping: 0.027700 ms MarkObjects: 1.424100 ms  DeleteObjects: 0.077200 ms)

========================================================================
Received Import Request.
  path: Assets/Scenes/Prototype 3.unity
  artifactKey: Guid(dc8c9f3efd746429fa6f9482dc779492) Importer(815301076,1909f56bfc062723c751e8b465ee728b)
Start importing Assets/Scenes/Prototype 3.unity using Guid(dc8c9f3efd746429fa6f9482dc779492) Importer(815301076,1909f56bfc062723c751e8b465ee728b)  -> (artifact id: 'deb480041ca5fb1c0e408b0a60240b7e') in 0.012223 seconds
  Import took 0.047126 seconds .

========================================================================
Received Import Request.
  Time since last request: 460.892472 seconds.
  path: Assets/Scripts/MoveLeft.cs
  artifactKey: Guid(c8c9fb71d186e2d4d832a9a9fd8e0e3f) Importer(815301076,1909f56bfc062723c751e8b465ee728b)
Start importing Assets/Scripts/MoveLeft.cs using Guid(c8c9fb71d186e2d4d832a9a9fd8e0e3f) Importer(815301076,1909f56bfc062723c751e8b465ee728b)  -> (artifact id: 'c437167f03e0db4123c6014b1f15f246') in 0.034899 seconds
  Import took 0.056412 seconds .

========================================================================
Received Import Request.
  Time since last request: 1.252976 seconds.
  path: Assets/Scripts/PlayerController.cs
  artifactKey: Guid(b0d83eef819b0ce4d9faa2d71bd930f5) Importer(815301076,1909f56bfc062723c751e8b465ee728b)
Start importing Assets/Scripts/PlayerController.cs using Guid(b0d83eef819b0ce4d9faa2d71bd930f5) Importer(815301076,1909f56bfc062723c751e8b465ee728b)  -> (artifact id: '49d717946c691d75bc93038d791dd8b1') in 0.003314 seconds
  Import took 0.025674 seconds .

========================================================================
Received Import Request.
  Time since last request: 0.017704 seconds.
  path: Assets/Scripts/PlayerController.cs
  artifactKey: Guid(b0d83eef819b0ce4d9faa2d71bd930f5) Importer(815301076,1909f56bfc062723c751e8b465ee728b)
Start importing Assets/Scripts/PlayerController.cs using Guid(b0d83eef819b0ce4d9faa2d71bd930f5) Importer(815301076,1909f56bfc062723c751e8b465ee728b)  -> (artifact id: '49d717946c691d75bc93038d791dd8b1') in 0.003050 seconds
  Import took 0.004775 seconds .

========================================================================
Received Import Request.
  Time since last request: 5.437315 seconds.
  path: Assets/Scripts/SpawnManager.cs
  artifactKey: Guid(aebd5359474aadf4c9a9e8426229c622) Importer(815301076,1909f56bfc062723c751e8b465ee728b)
Start importing Assets/Scripts/SpawnManager.cs using Guid(aebd5359474aadf4c9a9e8426229c622) Importer(815301076,1909f56bfc062723c751e8b465ee728b)  -> (artifact id: '41d4311fdc283ff3e57bf566aeacd480') in 0.003534 seconds
  Import took 0.013915 seconds .

========================================================================
Received Import Request.
  Time since last request: 123.961460 seconds.
  path: Assets/Course Library/Particles/FX_Explosion_Rubble.prefab
  artifactKey: Guid(079954accd64b32419ec069129c81273) Importer(815301076,1909f56bfc062723c751e8b465ee728b)
Start importing Assets/Course Library/Particles/FX_Explosion_Rubble.prefab using Guid(079954accd64b32419ec069129c81273) Importer(815301076,1909f56bfc062723c751e8b465ee728b)  -> (artifact id: 'bcf80656fd484c64b628c0de5739a115') in 0.023589 seconds
  Import took 0.039687 seconds .

========================================================================
Received Import Request.
  Time since last request: 0.000203 seconds.
  path: Assets/Course Library/Particles/FX_Fireworks_Yellow_Small.prefab
  artifactKey: Guid(6586ff0f14125534cae2f5d8f04b7871) Importer(815301076,1909f56bfc062723c751e8b465ee728b)
Start importing Assets/Course Library/Particles/FX_Fireworks_Yellow_Small.prefab using Guid(6586ff0f14125534cae2f5d8f04b7871) Importer(815301076,1909f56bfc062723c751e8b465ee728b)  -> (artifact id: '0a901e5aae61bff2828a4e25584b6000') in 0.005684 seconds
  Import took 0.010873 seconds .

========================================================================
Received Import Request.
  Time since last request: 2.996363 seconds.
  path: Assets/Challenge 3/Challenge 3.unity
  artifactKey: Guid(8a1fabfaac7e04af29dc3664bfd4f100) Importer(815301076,1909f56bfc062723c751e8b465ee728b)
Start importing Assets/Challenge 3/Challenge 3.unity using Guid(8a1fabfaac7e04af29dc3664bfd4f100) Importer(815301076,1909f56bfc062723c751e8b465ee728b)  -> (artifact id: '35c0e098cdfcb96071008ac496e2ee67') in 0.003815 seconds
  Import took 0.032854 seconds .

AssetImportWorkerClient::OnTransportError - code=2 error=End of file
